<?xml version="1.0" encoding="UTF-8"?>
<!-- Generated by org.testng.reporters.JUnitXMLReporter -->
<testsuite ignored="1" hostname="DESKTOP-N2EREPF" failures="0" tests="1" name="End to end Framework Test" time="17.979" errors="0" timestamp="20 Nov 2022 22:12:35 GMT">
  <testcase classname="eCommerce_tc_2" name="FillForm" time="17.717"/>
  <testcase classname="eCommerce_tc_2" name="FillForm_ErrorValidation" time="0.0">
    <ignored/>
  </testcase> <!-- FillForm_ErrorValidation -->
</testsuite> <!-- End to end Framework Test -->
