<?xml version="1.0" encoding="UTF-8"?>
<testsuite xmlns:xsi="http://www.w3.org/2001/XMLSchema-instance" xsi:noNamespaceSchemaLocation="https://maven.apache.org/surefire/maven-surefire-plugin/xsd/surefire-test-report-3.0.xsd" version="3.0" name="TestSuite" time="24.223" tests="1" errors="0" skipped="0" failures="0">
  <properties>
[...]
</properties>
  <testcase name="FillForm[Muneeb Khalil, Female, Argentina](1)" classname="eCommerce_tc_2" time="17.718">
    <system-out><![CDATA[[TestNGContentHandler] [WARN] It is strongly recommended to add "<!DOCTYPE suite SYSTEM "http://testng.org/testng-1.0.dtd" >" at the top of your file, otherwise TestNG may fail or not work as expected.
&amp#27;[35m[Appium]&amp#27;[39m Welcome to Appium v2.0.0-beta.46
&amp#27;[35m[Appium]&amp#27;[39m Non-default server args:
&amp#27;[35m[Appium]&amp#27;[39m { address: &amp#27;[32m'127.0.0.1'&amp#27;[39m }
&amp#27;[35m[Appium]&amp#27;[39m Attempting to load driver uiautomator2...
[debug] &amp#27;[35m[Appium]&amp#27;[39m Requiring driver at C:\Users\munee\.appium\node_modules\appium-uiautomator2-driver
&amp#27;[35m[HTTP]&amp#27;[39m Could not start REST http interface listener. The requested port may already be in use. Please make sure there is no other instance of this server running already.
&amp#27;[35m[Appium]&amp#27;[39m Could not[ cdoenfbiugugr]e  &amp#27;Ap[p3i5umm[ Asperpvieurm.] &amp#27;I[t'3s9 possmi bElrer othra:t  lai sdtreinv eErA CorC EpSl:u gpienr mtirsiseido nt od eunpideda t1e2 7t.h0e. 0s.e1r:v4er7 2a3nd
 faile[dd.e Obruigg]i n&amp#27;a[l3 5emr[rAoprp:i ulmi]s&amp#27;[t3e9nm  E A C C EaSt:  Speerrvmeirs.ssieotnu pdLeinsiteedn H1a2n7d.le0 .[0a.s1 :_4li7s2t3en2
] (node:net:1355:21)
[debug] &amp#27;[35m[Appium]&amp#27;[39m     at listenInCluster (node:net:1420:12)
[debug] &amp#27;[35m[Appium]&amp#27;[39m     at doListen (node:net:1559:7)
[debug] &amp#27;[35m[Appium]&amp#27;[39m     at processTicksAndRejections (node:internal/process/task_queues:84:21)
]]></system-out>
    <system-err><![CDATA[SLF4J: Failed to load class "org.slf4j.impl.StaticLoggerBinder".
SLF4J: Defaulting to no-operation (NOP) logger implementation
SLF4J: See http://www.slf4j.org/codes.html#StaticLoggerBinder for further details.
]]></system-err>
  </testcase>
</testsuite>